<?xml version="1.0" encoding="UTF-8"?>
<!-- Generated by org.testng.reporters.JUnitReportReporter -->
<testsuite hostname="DESKTOP-G70MS3B" failures="0" tests="1" name="TestNGproject.Annotation" time="0.011" errors="0" timestamp="2023-09-04T14:08:35 IST" skipped="0">
  <testcase classname="TestNGproject.Annotation" name="createcustomer" time="0.011"/>
  <system-out/>
</testsuite> <!-- TestNGproject.Annotation -->
